生成启动时间为 2012-5-7 19:33:04。
     1>项目“E:\visual studio 2010\Projects\jianpangouzi\KBrecorder\KBrecorder.vcxproj”在节点 2 上(build 个目标)。
     1>InitializeBuildStatus:
         正在创建“.\Debug\KBrecorder.unsuccessfulbuild”，因为已指定“AlwaysCreate”。
       ClCompile:
         所有输出均为最新。
         所有输出均为最新。
       ResourceCompile:
         所有输出均为最新。
       ManifestResourceCompile:
         所有输出均为最新。
       Link:
         所有输出均为最新。
       Manifest:
         C:\Program Files\Microsoft SDKs\Windows\v7.0A\bin\mt.exe /nologo /verbose /out:".\Debug\KBrecorder.exe.embed.manifest" /manifest .\Debug\KBrecorder.exe.intermediate.manifest "E:\Microsoft Visual Studio 10.0\VC\Include\Manifest\dpiaware.manifest"
         所有输出均为最新。
       FinalizeBuildStatus:
         正在删除文件“.\Debug\KBrecorder.unsuccessfulbuild”。
         正在对“.\Debug\KBrecorder.lastbuildstate”执行 Touch 任务。
     1>已完成生成项目“E:\visual studio 2010\Projects\jianpangouzi\KBrecorder\KBrecorder.vcxproj”(build 个目标)的操作。

生成成功。

已用时间 00:00:00.17
